<?xml version="1.0" encoding="UTF-8"?>
<testng-results ignored="0" total="4" passed="3" failed="1" skipped="0">
  <reporter-output>
    <line>
      <![CDATA[method1 executed]]>
    </line>
    <line>
      <![CDATA[method3 executed]]>
    </line>
    <line>
      <![CDATA[method5 executed]]>
    </line>
  </reporter-output>
  <suite started-at="2022-06-05T12:21:44 IST" name="Default suite" finished-at="2022-06-05T12:21:44 IST" duration-ms="182">
    <groups>
    </groups>
    <test started-at="2022-06-05T12:21:44 IST" name="Default test" finished-at="2022-06-05T12:21:44 IST" duration-ms="182">
      <class name="testngpackage.FirstTestNGClass">
        <test-method signature="method1()[pri:0, instance:testngpackage.FirstTestNGClass@3a6bb9bf]" started-at="2022-06-05T12:21:44 IST" name="method1" finished-at="2022-06-05T12:21:44 IST" duration-ms="19" status="PASS">
          <reporter-output>
            <line>
              <![CDATA[method1 executed]]>
            </line>
          </reporter-output>
        </test-method> <!-- method1 -->
        <test-method signature="method3()[pri:0, instance:testngpackage.FirstTestNGClass@3a6bb9bf]" started-at="2022-06-05T12:21:44 IST" name="method3" finished-at="2022-06-05T12:21:44 IST" duration-ms="5" status="PASS">
          <reporter-output>
            <line>
              <![CDATA[method3 executed]]>
            </line>
          </reporter-output>
        </test-method> <!-- method3 -->
        <test-method signature="method4()[pri:0, instance:testngpackage.FirstTestNGClass@3a6bb9bf]" started-at="2022-06-05T12:21:44 IST" name="method4" finished-at="2022-06-05T12:21:44 IST" duration-ms="5" status="FAIL">
          <exception class="java.lang.ArithmeticException">
            <message>
              <![CDATA[/ by zero]]>
            </message>
            <full-stacktrace>
              <![CDATA[java.lang.ArithmeticException: / by zero
at testngpackage.FirstTestNGClass.method4(FirstTestNGClass.java:31)
at java.base/jdk.internal.reflect.NativeMethodAccessorImpl.invoke0(Native Method)
at java.base/jdk.internal.reflect.NativeMethodAccessorImpl.invoke(NativeMethodAccessorImpl.java:77)
at java.base/jdk.internal.reflect.DelegatingMethodAccessorImpl.invoke(DelegatingMethodAccessorImpl.java:43)
at java.base/java.lang.reflect.Method.invoke(Method.java:568)
at org.testng.internal.MethodInvocationHelper.invokeMethod(MethodInvocationHelper.java:133)
at org.testng.internal.TestInvoker.invokeMethod(TestInvoker.java:598)
at org.testng.internal.TestInvoker.invokeTestMethod(TestInvoker.java:173)
at org.testng.internal.MethodRunner.runInSequence(MethodRunner.java:46)
at org.testng.internal.TestInvoker$MethodInvocationAgent.invoke(TestInvoker.java:824)
at org.testng.internal.TestInvoker.invokeTestMethods(TestInvoker.java:146)
at org.testng.internal.TestMethodWorker.invokeTestMethods(TestMethodWorker.java:146)
at org.testng.internal.TestMethodWorker.run(TestMethodWorker.java:128)
at java.base/java.util.ArrayList.forEach(ArrayList.java:1511)
at org.testng.TestRunner.privateRun(TestRunner.java:794)
at org.testng.TestRunner.run(TestRunner.java:596)
at org.testng.SuiteRunner.runTest(SuiteRunner.java:377)
at org.testng.SuiteRunner.runSequentially(SuiteRunner.java:371)
at org.testng.SuiteRunner.privateRun(SuiteRunner.java:332)
at org.testng.SuiteRunner.run(SuiteRunner.java:276)
at org.testng.SuiteRunnerWorker.runSuite(SuiteRunnerWorker.java:53)
at org.testng.SuiteRunnerWorker.run(SuiteRunnerWorker.java:96)
at org.testng.TestNG.runSuitesSequentially(TestNG.java:1212)
at org.testng.TestNG.runSuitesLocally(TestNG.java:1134)
at org.testng.TestNG.runSuites(TestNG.java:1063)
at org.testng.TestNG.run(TestNG.java:1031)
at org.testng.remote.AbstractRemoteTestNG.run(AbstractRemoteTestNG.java:115)
at org.testng.remote.RemoteTestNG.initAndRun(RemoteTestNG.java:251)
at org.testng.remote.RemoteTestNG.main(RemoteTestNG.java:77)
]]>
            </full-stacktrace>
          </exception> <!-- java.lang.ArithmeticException -->
          <reporter-output>
          </reporter-output>
        </test-method> <!-- method4 -->
        <test-method signature="method5()[pri:0, instance:testngpackage.FirstTestNGClass@3a6bb9bf]" started-at="2022-06-05T12:21:44 IST" name="method5" finished-at="2022-06-05T12:21:44 IST" duration-ms="3" status="PASS">
          <reporter-output>
            <line>
              <![CDATA[method5 executed]]>
            </line>
          </reporter-output>
        </test-method> <!-- method5 -->
      </class> <!-- testngpackage.FirstTestNGClass -->
    </test> <!-- Default test -->
  </suite> <!-- Default suite -->
</testng-results>
