<?xml version="1.0" encoding="UTF-8"?>
<!-- Generated by org.testng.reporters.JUnitXMLReporter -->
<testsuite ignored="12" hostname="DESKTOP-RDMBKPQ" failures="0" tests="6" name="Test" time="0.172" errors="0" timestamp="2022-06-06T09:30:42 IST">
  <testcase classname="testngpackage.TestngFlag" name="it1" time="0.013"/>
  <testcase classname="testngpackage.TestngFlag" name="it2" time="0.004"/>
  <testcase classname="testngpackage.TestngFlag" name="it3" time="0.008"/>
  <testcase classname="testngpackage.TestngFlag" name="it4" time="0.003"/>
  <testcase classname="testngpackage.TestngFlag" name="it5" time="0.005"/>
  <testcase classname="testngpackage.TestngFlag" name="it6" time="0.01"/>
  <testcase classname="testngpackage.TestngFlag" name="ft6" time="0.0">
    <ignored/>
  </testcase> <!-- ft6 -->
  <testcase classname="testngpackage.TestngFlag" name="st3" time="0.0">
    <ignored/>
  </testcase> <!-- st3 -->
  <testcase classname="testngpackage.TestngFlag" name="ft4" time="0.0">
    <ignored/>
  </testcase> <!-- ft4 -->
  <testcase classname="testngpackage.TestngFlag" name="st2" time="0.0">
    <ignored/>
  </testcase> <!-- st2 -->
  <testcase classname="testngpackage.TestngFlag" name="st1" time="0.0">
    <ignored/>
  </testcase> <!-- st1 -->
  <testcase classname="testngpackage.TestngFlag" name="ft1" time="0.0">
    <ignored/>
  </testcase> <!-- ft1 -->
  <testcase classname="testngpackage.TestngFlag" name="st4" time="0.0">
    <ignored/>
  </testcase> <!-- st4 -->
  <testcase classname="testngpackage.TestngFlag" name="ft3" time="0.0">
    <ignored/>
  </testcase> <!-- ft3 -->
  <testcase classname="testngpackage.TestngFlag" name="st6" time="0.0">
    <ignored/>
  </testcase> <!-- st6 -->
  <testcase classname="testngpackage.TestngFlag" name="ft2" time="0.0">
    <ignored/>
  </testcase> <!-- ft2 -->
  <testcase classname="testngpackage.TestngFlag" name="st5" time="0.0">
    <ignored/>
  </testcase> <!-- st5 -->
  <testcase classname="testngpackage.TestngFlag" name="ft5" time="0.0">
    <ignored/>
  </testcase> <!-- ft5 -->
</testsuite> <!-- Test -->
